<?xml version="1.0" encoding="utf-8"?>
<androidx.constraintlayout.widget.ConstraintLayout xmlns:android="http://schemas.android.com/apk/res/android"
    xmlns:app="http://schemas.android.com/apk/res-auto"
    xmlns:tools="http://schemas.android.com/tools"
    android:layout_width="match_parent"
    android:layout_height="match_parent">

    <ImageView
        android:id="@+id/imageView5"
        android:layout_width="match_parent"
        android:layout_height="134dp"
        android:layout_marginTop="16dp"
        android:contentDescription="@string/test_picture"
        android:foregroundGravity="center"
        app:layout_constraintEnd_toEndOf="parent"
        app:layout_constraintHorizontal_bias="0.0"
        app:layout_constraintStart_toStartOf="parent"
        app:layout_constraintTop_toTopOf="parent"
        app:srcCompat="@drawable/logo" />

    <LinearLayout
        android:layout_width="731dp"
        android:layout_height="207dp"
        android:layout_marginTop="32dp"
        android:orientation="vertical"
        app:layout_constraintEnd_toEndOf="parent"
        app:layout_constraintStart_toStartOf="parent"
        app:layout_constraintTop_toBottomOf="@+id/imageView5">

        <include layout="@layout/statistic_data_smaller" />

        <include layout="@layout/statistic_data_smaller" />

    </LinearLayout>
</androidx.constraintlayout.widget.ConstraintLayout>